mode: set
github.com/ayub94/wallet/pkg/wallet/service.go:23.78,24.37 1 1
github.com/ayub94/wallet/pkg/wallet/service.go:29.2,36.21 4 1
github.com/ayub94/wallet/pkg/wallet/service.go:24.37,25.28 1 0
github.com/ayub94/wallet/pkg/wallet/service.go:25.28,27.4 1 0
github.com/ayub94/wallet/pkg/wallet/service.go:39.71,40.17 1 1
github.com/ayub94/wallet/pkg/wallet/service.go:43.2,45.34 2 1
github.com/ayub94/wallet/pkg/wallet/service.go:51.2,51.19 1 1
github.com/ayub94/wallet/pkg/wallet/service.go:55.2,56.12 2 1
github.com/ayub94/wallet/pkg/wallet/service.go:40.17,42.3 1 0
github.com/ayub94/wallet/pkg/wallet/service.go:45.34,46.27 1 1
github.com/ayub94/wallet/pkg/wallet/service.go:46.27,48.9 2 1
github.com/ayub94/wallet/pkg/wallet/service.go:51.19,53.3 1 0
github.com/ayub94/wallet/pkg/wallet/service.go:59.111,60.17 1 1
github.com/ayub94/wallet/pkg/wallet/service.go:63.2,65.34 2 1
github.com/ayub94/wallet/pkg/wallet/service.go:71.2,71.20 1 1
github.com/ayub94/wallet/pkg/wallet/service.go:74.2,74.26 1 1
github.com/ayub94/wallet/pkg/wallet/service.go:77.2,87.21 5 1
github.com/ayub94/wallet/pkg/wallet/service.go:60.17,62.3 1 0
github.com/ayub94/wallet/pkg/wallet/service.go:65.34,66.25 1 1
github.com/ayub94/wallet/pkg/wallet/service.go:66.25,68.9 2 1
github.com/ayub94/wallet/pkg/wallet/service.go:71.20,73.3 1 0
github.com/ayub94/wallet/pkg/wallet/service.go:74.26,76.3 1 0
github.com/ayub94/wallet/pkg/wallet/service.go:91.75,95.32 2 0
github.com/ayub94/wallet/pkg/wallet/service.go:101.2,101.32 1 0
github.com/ayub94/wallet/pkg/wallet/service.go:95.32,96.26 1 0
github.com/ayub94/wallet/pkg/wallet/service.go:96.26,99.4 2 0
github.com/ayub94/wallet/pkg/wallet/service.go:104.49,109.34 3 1
github.com/ayub94/wallet/pkg/wallet/service.go:115.2,115.21 1 1
github.com/ayub94/wallet/pkg/wallet/service.go:118.5,118.37 1 1
github.com/ayub94/wallet/pkg/wallet/service.go:124.2,124.21 1 1
github.com/ayub94/wallet/pkg/wallet/service.go:127.2,129.12 3 1
github.com/ayub94/wallet/pkg/wallet/service.go:109.34,110.27 1 1
github.com/ayub94/wallet/pkg/wallet/service.go:110.27,112.9 2 1
github.com/ayub94/wallet/pkg/wallet/service.go:115.21,117.3 1 0
github.com/ayub94/wallet/pkg/wallet/service.go:118.37,119.41 1 1
github.com/ayub94/wallet/pkg/wallet/service.go:119.41,121.9 2 1
github.com/ayub94/wallet/pkg/wallet/service.go:124.21,126.3 1 0
github.com/ayub94/wallet/pkg/wallet/service.go:132.76,133.37 1 1
github.com/ayub94/wallet/pkg/wallet/service.go:138.2,138.32 1 1
github.com/ayub94/wallet/pkg/wallet/service.go:133.37,134.30 1 1
github.com/ayub94/wallet/pkg/wallet/service.go:134.30,136.4 1 1
github.com/ayub94/wallet/pkg/wallet/service.go:141.68,143.16 2 1
github.com/ayub94/wallet/pkg/wallet/service.go:147.2,148.16 2 1
github.com/ayub94/wallet/pkg/wallet/service.go:151.2,151.22 1 1
github.com/ayub94/wallet/pkg/wallet/service.go:143.16,145.3 1 0
github.com/ayub94/wallet/pkg/wallet/service.go:148.16,150.3 1 0
